<?xml version="1.0" encoding="UTF-8"?>
<testng-results ignored="0" total="1" passed="1" failed="0" skipped="0">
  <reporter-output>
  </reporter-output>
  <suite started-at="2026-01-13T07:14:28 IST" name="Suite" finished-at="2026-01-13T07:14:40 IST" duration-ms="12914">
    <groups>
    </groups>
    <test started-at="2026-01-13T07:14:28 IST" name="Test" finished-at="2026-01-13T07:14:40 IST" duration-ms="12914">
      <class name="testscript.ManageNewsTest">
        <test-method is-config="true" signature="initializebrowser(java.lang.String)[pri:0, instance:testscript.ManageNewsTest@c730b35]" started-at="2026-01-13T07:14:28 IST" name="initializebrowser" finished-at="2026-01-13T07:14:35 IST" duration-ms="7606" status="PASS">
          <params>
            <param index="0">
              <value>
                <![CDATA[chrome]]>
              </value>
            </param>
          </params>
          <reporter-output>
          </reporter-output>
        </test-method> <!-- initializebrowser -->
        <test-method signature="AlertPresent()[pri:0, instance:testscript.ManageNewsTest@c730b35]" started-at="2026-01-13T07:14:35 IST" name="AlertPresent" finished-at="2026-01-13T07:14:40 IST" duration-ms="5216" status="PASS">
          <reporter-output>
          </reporter-output>
        </test-method> <!-- AlertPresent -->
      </class> <!-- testscript.ManageNewsTest -->
    </test> <!-- Test -->
  </suite> <!-- Suite -->
</testng-results>
