<?xml version="1.0" encoding="UTF-8"?>
<testng-results ignored="6" total="8" passed="2" failed="0" skipped="0">
  <reporter-output>
  </reporter-output>
  <suite started-at="2026-01-09T19:45:38 IST" name="Crossbrowsertesting" finished-at="2026-01-09T19:46:15 IST" duration-ms="36230">
    <groups>
    </groups>
    <test started-at="2026-01-09T19:45:38 IST" name="Chrometest" finished-at="2026-01-09T19:45:58 IST" duration-ms="19625">
      <class name="testscript.LoginTest">
        <test-method is-config="true" signature="initializebrowser(java.lang.String)[pri:0, instance:testscript.LoginTest@292b08d6]" started-at="2026-01-09T19:45:38 IST" name="initializebrowser" finished-at="2026-01-09T19:45:53 IST" duration-ms="14300" status="PASS">
          <params>
            <param index="0">
              <value>
                <![CDATA[chrome]]>
              </value>
            </param>
          </params>
          <reporter-output>
          </reporter-output>
        </test-method> <!-- initializebrowser -->
        <test-method signature="verifyTheUserIsAbleTologinUsingValidCredentials()[pri:0, instance:testscript.LoginTest@292b08d6]" started-at="2026-01-09T19:45:53 IST" name="verifyTheUserIsAbleTologinUsingValidCredentials" description="user is able to login with valid credential" finished-at="2026-01-09T19:45:58 IST" duration-ms="5198" status="PASS">
          <reporter-output>
          </reporter-output>
        </test-method> <!-- verifyTheUserIsAbleTologinUsingValidCredentials -->
      </class> <!-- testscript.LoginTest -->
    </test> <!-- Chrometest -->
    <test started-at="2026-01-09T19:45:58 IST" name="FireFoxtest" finished-at="2026-01-09T19:46:15 IST" duration-ms="16510">
      <class name="testscript.LoginTest">
        <test-method is-config="true" signature="initializebrowser(java.lang.String)[pri:0, instance:testscript.LoginTest@6913c1fb]" started-at="2026-01-09T19:45:58 IST" name="initializebrowser" finished-at="2026-01-09T19:46:12 IST" duration-ms="14258" status="PASS">
          <params>
            <param index="0">
              <value>
                <![CDATA[Firefox]]>
              </value>
            </param>
          </params>
          <reporter-output>
          </reporter-output>
        </test-method> <!-- initializebrowser -->
        <test-method signature="verifyTheUserIsAbleTologinUsingValidCredentials()[pri:0, instance:testscript.LoginTest@6913c1fb]" started-at="2026-01-09T19:46:12 IST" name="verifyTheUserIsAbleTologinUsingValidCredentials" description="user is able to login with valid credential" finished-at="2026-01-09T19:46:15 IST" duration-ms="2242" status="PASS">
          <reporter-output>
          </reporter-output>
        </test-method> <!-- verifyTheUserIsAbleTologinUsingValidCredentials -->
      </class> <!-- testscript.LoginTest -->
    </test> <!-- FireFoxtest -->
  </suite> <!-- Crossbrowsertesting -->
</testng-results>
