<?xml version="1.0" encoding="UTF-8"?>
<!-- Generated by org.testng.reporters.JUnitReportReporter -->
<testsuite hostname="DESKTOP-D57G6VE" failures="0" tests="2" name="testscript.LoginTest" time="35.998" errors="0" timestamp="2026-01-09T19:46:15 IST" skipped="0">
  <testcase classname="testscript.LoginTest" name="verifyTheUserIsAbleTologinUsingValidCredentials" time="19.498"/>
  <testcase classname="testscript.LoginTest" name="verifyTheUserIsAbleTologinUsingValidCredentials" time="16.500"/>
</testsuite> <!-- testscript.LoginTest -->
